<?xml version="1.0" encoding="UTF-8"?>
<robot generator="Robot 4.0.1 (Python 3.8.0 on win32)" generated="20210507 12:10:49.442" rpa="false" schemaversion="2">
<suite id="s1" name="Registration Form" source="C:\Users\gmenezes\Projects\Student_Registration\registration_form\Tests\registration_form.robot">
<kw name="Open Form" library="resource" type="SETUP">
<kw name="Open Browser" library="SeleniumLibrary">
<arg>${url}</arg>
<arg>${browser}</arg>
<doc>Opens a new browser instance to the optional ``url``.</doc>
<msg timestamp="20210507 12:10:52.140" level="INFO">Opening browser 'chrome' to base url 'https://demoqa.com/automation-practice-form'.</msg>
<status status="PASS" starttime="20210507 12:10:52.139" endtime="20210507 12:10:56.591"/>
</kw>
<kw name="Maximize Browser Window" library="SeleniumLibrary">
<doc>Maximizes current browser window.</doc>
<status status="PASS" starttime="20210507 12:10:56.592" endtime="20210507 12:10:56.744"/>
</kw>
<kw name="ToolsQA Page Should Be Open" library="resource">
<kw name="Title Should Be" library="SeleniumLibrary">
<arg>ToolsQA</arg>
<doc>Verifies that the current page title equals ``title``.</doc>
<msg timestamp="20210507 12:10:56.754" level="INFO">Page title is 'ToolsQA'.</msg>
<status status="PASS" starttime="20210507 12:10:56.747" endtime="20210507 12:10:56.754"/>
</kw>
<status status="PASS" starttime="20210507 12:10:56.744" endtime="20210507 12:10:56.755"/>
</kw>
<status status="PASS" starttime="20210507 12:10:52.139" endtime="20210507 12:10:56.755"/>
</kw>
<test id="s1-t1" name="AT-001 - Registration - Successfull Registration">
<kw name="Input First Name &quot;${input_firstName}&quot; with &quot;João&quot;" library="resource" sourcename="Input First Name &quot;${input_firstName}&quot; with &quot;${firstName_value}&quot;">
<kw name="Input Text" library="SeleniumLibrary">
<arg>${input_firstName}</arg>
<arg>${firstName_value}</arg>
<doc>Types the given ``text`` into the text field identified by ``locator``.</doc>
<msg timestamp="20210507 12:10:56.761" level="INFO">Typing text 'João' into text field '//input[@id='firstName']'.</msg>
<status status="PASS" starttime="20210507 12:10:56.760" endtime="20210507 12:10:56.930"/>
</kw>
<status status="PASS" starttime="20210507 12:10:56.759" endtime="20210507 12:10:56.931"/>
</kw>
<kw name="Input Last Name &quot;${input_lastName}&quot; with &quot;Santos&quot;" library="resource" sourcename="Input Last Name &quot;${input_lastName}&quot; with &quot;${lastName_value}&quot;">
<kw name="Input Text" library="SeleniumLibrary">
<arg>${input_lastName}</arg>
<arg>${lastName_value}</arg>
<doc>Types the given ``text`` into the text field identified by ``locator``.</doc>
<msg timestamp="20210507 12:10:56.934" level="INFO">Typing text 'Santos' into text field '//input[@id='lastName']'.</msg>
<status status="PASS" starttime="20210507 12:10:56.933" endtime="20210507 12:10:57.088"/>
</kw>
<status status="PASS" starttime="20210507 12:10:56.932" endtime="20210507 12:10:57.089"/>
</kw>
<kw name="Choose Gender_M" library="resource">
<kw name="Click Element" library="SeleniumLibrary">
<arg>${gender_m}</arg>
<doc>Click the element identified by ``locator``.</doc>
<msg timestamp="20210507 12:10:57.090" level="INFO">Clicking element '//label[contains(text(),'Male')]'.</msg>
<status status="PASS" starttime="20210507 12:10:57.089" endtime="20210507 12:10:57.181"/>
</kw>
<status status="PASS" starttime="20210507 12:10:57.089" endtime="20210507 12:10:57.181"/>
</kw>
<kw name="Input Phone Number &quot;${input_phone}&quot; with &quot;9876543210&quot;" library="resource" sourcename="Input Phone Number &quot;${input_phone}&quot; with &quot;${phone_value}&quot;">
<kw name="Input Text" library="SeleniumLibrary">
<arg>${input_phone}</arg>
<arg>${phone_value}</arg>
<doc>Types the given ``text`` into the text field identified by ``locator``.</doc>
<msg timestamp="20210507 12:10:57.183" level="INFO">Typing text '9876543210' into text field '//input[@id='userNumber']'.</msg>
<status status="PASS" starttime="20210507 12:10:57.182" endtime="20210507 12:10:57.332"/>
</kw>
<status status="PASS" starttime="20210507 12:10:57.182" endtime="20210507 12:10:57.333"/>
</kw>
<kw name="Scroll to Element" library="resource">
<arg>${hobbies_sports}</arg>
<kw name="Scroll Element Into View" library="SeleniumLibrary">
<arg>${element}</arg>
<doc>Scrolls the element identified by ``locator`` into view.</doc>
<status status="PASS" starttime="20210507 12:10:57.334" endtime="20210507 12:10:58.110"/>
</kw>
<kw name="Execute Javascript" library="SeleniumLibrary">
<arg>window.scrollBy(0, 65)</arg>
<doc>Executes the given JavaScript code with possible arguments.</doc>
<msg timestamp="20210507 12:10:58.111" level="INFO">Executing JavaScript:
window.scrollBy(0, 65)
Without any arguments.</msg>
<status status="PASS" starttime="20210507 12:10:58.110" endtime="20210507 12:10:58.119"/>
</kw>
<status status="PASS" starttime="20210507 12:10:57.333" endtime="20210507 12:10:58.119"/>
</kw>
<kw name="Choose Hobbies_Sports" library="resource">
<kw name="Click Element" library="SeleniumLibrary">
<arg>${hobbies_sports}</arg>
<doc>Click the element identified by ``locator``.</doc>
<msg timestamp="20210507 12:10:58.124" level="INFO">Clicking element '//label[contains(text(),'Sports')]'.</msg>
<status status="PASS" starttime="20210507 12:10:58.122" endtime="20210507 12:10:58.207"/>
</kw>
<status status="PASS" starttime="20210507 12:10:58.120" endtime="20210507 12:10:58.207"/>
</kw>
<kw name="State" library="resource">
<kw name="Click Element" library="SeleniumLibrary">
<arg>css:"${state_combobox}"</arg>
<doc>Click the element identified by ``locator``.</doc>
<msg timestamp="20210507 12:10:58.210" level="INFO">Clicking element 'css:"//body/div[@id='app']/div[1]/div[1]/div[2]/div[2]/div[1]/form[1]/div[10]/div[2]/div[1]/div[1]/div[2]/div[1]"'.</msg>
<kw name="Capture Page Screenshot" library="SeleniumLibrary">
<doc>Takes a screenshot of the current page and embeds it into a log file.</doc>
<msg timestamp="20210507 12:10:58.662" level="INFO" html="true">&lt;/td&gt;&lt;/tr&gt;&lt;tr&gt;&lt;td colspan="3"&gt;&lt;a href="selenium-screenshot-7.png"&gt;&lt;img src="selenium-screenshot-7.png" width="800px"&gt;&lt;/a&gt;</msg>
<status status="PASS" starttime="20210507 12:10:58.238" endtime="20210507 12:10:58.662"/>
</kw>
<msg timestamp="20210507 12:10:58.677" level="FAIL">InvalidSelectorException: Message: invalid selector: An invalid or illegal selector was specified
  (Session info: chrome=90.0.4430.93)
</msg>
<status status="FAIL" starttime="20210507 12:10:58.209" endtime="20210507 12:10:58.678"/>
</kw>
<status status="FAIL" starttime="20210507 12:10:58.208" endtime="20210507 12:10:58.678"/>
</kw>
<kw name="Scroll to Element" library="resource">
<arg>${submit}</arg>
<status status="NOT RUN" starttime="20210507 12:10:58.679" endtime="20210507 12:10:58.679"/>
</kw>
<kw name="Submit" library="resource">
<status status="NOT RUN" starttime="20210507 12:10:58.679" endtime="20210507 12:10:58.679"/>
</kw>
<doc>*Title:* AT-001 - Registration - Successfull Registration</doc>
<status status="FAIL" starttime="20210507 12:10:56.755" endtime="20210507 12:10:58.680">InvalidSelectorException: Message: invalid selector: An invalid or illegal selector was specified
  (Session info: chrome=90.0.4430.93)
</status>
</test>
<kw name="Close Browser" library="SeleniumLibrary" type="TEARDOWN">
<doc>Closes the current browser.</doc>
<status status="PASS" starttime="20210507 12:10:58.686" endtime="20210507 12:11:01.132"/>
</kw>
<status status="FAIL" starttime="20210507 12:10:49.446" endtime="20210507 12:11:01.132"/>
</suite>
<statistics>
<total>
<stat pass="0" fail="1" skip="0">All Tests</stat>
</total>
<tag>
</tag>
<suite>
<stat pass="0" fail="1" skip="0" id="s1" name="Registration Form">Registration Form</stat>
</suite>
</statistics>
<errors>
</errors>
</robot>
